<?xml version="1.0" encoding="UTF-8"?>
<!-- Generated by org.testng.reporters.JUnitReportReporter -->
<testsuite hostname="Madhuri" failures="0" tests="1" name="com.medimention.testCases.TC001_sub_for_register" time="12.590" errors="0" timestamp="2025-05-15T12:52:32 IST" skipped="0">
  <testcase classname="com.medimention.testCases.TC001_sub_for_register" name="account_Register" time="12.590"/>
</testsuite> <!-- com.medimention.testCases.TC001_sub_for_register -->
