<?xml version="1.0" encoding="UTF-8"?>
<!-- Generated by org.testng.reporters.JUnitReportReporter -->
<testsuite hostname="Madhuri" failures="0" tests="1" name="PageObjectWay.LoginTest_withoutpf" time="3.065" errors="0" timestamp="2025-05-08T15:55:08 IST" skipped="0">
  <testcase classname="PageObjectWay.LoginTest_withoutpf" name="testLogin" time="3.065"/>
</testsuite> <!-- PageObjectWay.LoginTest_withoutpf -->
